<?xml version="1.0" encoding="UTF-8"?>
<!-- Generated by org.testng.reporters.JUnitReportReporter -->
<testsuite hostname="DESKTOP-TKOF22I" failures="0" tests="1" name="com.org.tests.DeleteApiTest" time="1.093" errors="0" timestamp="2020-11-21T23:27:17 IST" skipped="0">
  <testcase classname="com.org.tests.DeleteApiTest" name="deleteHttpWithHeader" time="1.093"/>
  <system-out/>
</testsuite> <!-- com.org.tests.DeleteApiTest -->
