<?xml version="1.0" encoding="UTF-8"?>
<!-- Generated by org.testng.reporters.JUnitReportReporter -->
<testsuite hostname="DESKTOP-TKOF22I" failures="0" tests="1" name="com.org.tests.PutApiTest" time="1.716" errors="0" timestamp="2020-11-21T21:23:05 IST" skipped="0">
  <testcase classname="com.org.tests.PutApiTest" name="putHttpWithHeader" time="1.716"/>
  <system-out/>
</testsuite> <!-- com.org.tests.PutApiTest -->
