<?xml version="1.0" encoding="UTF-8"?>
<!-- Generated by org.testng.reporters.JUnitReportReporter -->
<testsuite hostname="DESKTOP-TKOF22I" failures="0" tests="3" name="com.org.restAssuredTests.RestAssuredTestGET_POST" time="3.355" errors="0" timestamp="2020-11-28T21:42:41 IST" skipped="0">
  <testcase classname="com.org.restAssuredTests.RestAssuredTestGET_POST" name="GET_API_Test" time="2.247"/>
  <system-out/>
  <testcase classname="com.org.restAssuredTests.RestAssuredTestGET_POST" name="POST_API_Test" time="0.591"/>
  <system-out/>
  <testcase classname="com.org.restAssuredTests.RestAssuredTestGET_POST" name="PUT_RestAssured" time="0.517"/>
  <system-out/>
</testsuite> <!-- com.org.restAssuredTests.RestAssuredTestGET_POST -->
