<?xml version="1.0" encoding="UTF-8"?>
<!-- Generated by org.testng.reporters.JUnitReportReporter -->
<testsuite hostname="DESKTOP-TKOF22I" failures="0" tests="2" name="com.org.tests.GetApiTest" time="2.014" errors="0" timestamp="2020-11-18T23:12:49 IST" skipped="0">
  <testcase classname="com.org.tests.GetApiTest" name="getApiTestWithoutHeader" time="1.497"/>
  <system-out/>
  <testcase classname="com.org.tests.GetApiTest" name="getApiTestWithHeader" time="0.517"/>
  <system-out/>
</testsuite> <!-- com.org.tests.GetApiTest -->
