<?xml version="1.0" encoding="UTF-8"?>
<!-- Generated by org.testng.reporters.JUnitReportReporter -->
<testsuite hostname="DESKTOP-TKOF22I" failures="0" tests="1" name="com.org.tests.PostApiTest" time="1.523" errors="0" timestamp="2020-11-20T19:17:21 IST" skipped="0">
  <testcase classname="com.org.tests.PostApiTest" name="postHttpTestWithHeaders" time="1.523"/>
  <system-out/>
</testsuite> <!-- com.org.tests.PostApiTest -->
