<?xml version="1.0" encoding="UTF-8"?>
<!-- Generated by org.testng.reporters.JUnitReportReporter -->
<testsuite hostname="DESKTOP-TKOF22I" failures="0" tests="2" name="com.org.restAssuredTests.RestAssuredTestGET_POST" time="2.712" errors="0" timestamp="2020-11-23T01:30:36 IST" skipped="0">
  <testcase classname="com.org.restAssuredTests.RestAssuredTestGET_POST" name="GET_API_Test" time="2.076"/>
  <system-out/>
  <testcase classname="com.org.restAssuredTests.RestAssuredTestGET_POST" name="POST_API_Test" time="0.636"/>
  <system-out/>
</testsuite> <!-- com.org.restAssuredTests.RestAssuredTestGET_POST -->
